Switched to a new branch 'workstream/f-health-check'
[2026-03-06 13:45:25] [INFO] Starting workstream F - Health Check
[2026-03-06 13:45:25] [INFO] Created branch workstream/f-health-check
[2026-03-06 13:45:44] [INFO] Created directory src/routes/health
[2026-03-06 13:46:04] [INFO] Created src/routes/health/+server.ts
[2026-03-06 13:51:51] [INFO] Started dev server (PID: 22955), waiting 5s...
[2026-03-06 13:51:56] [INFO] Testing health endpoint...
{"status":"ok","timestamp":"2026-03-06T05:51:56.689Z","version":"0.0.1"}
[2026-03-06 13:51:56] [INFO] Dev server stopped
[2026-03-06 13:52:28] [INFO] Health endpoint test successful: {"status":"ok","timestamp":"...","version":"0.0.1"}
[2026-03-06 13:52:28] [INFO] Running tests...

> contours@0.0.1 test
> vitest run


[1m[46m RUN [49m[22m [36mv4.0.16 [39m[90m/Users/dev/Athenia/projects/contours[39m

 [32m✓[39m tests/unit/posts.spec.ts [2m([22m[2m4 tests[22m[2m)[22m[32m 2[2mms[22m[39m

[2m Test Files [22m [1m[32m1 passed[39m[22m[90m (1)[39m
[2m      Tests [22m [1m[32m4 passed[39m[22m[90m (4)[39m
[2m   Start at [22m 13:52:30
[2m   Duration [22m 141ms[2m (transform 20ms, setup 0ms, import 29ms, tests 2ms, environment 0ms)[22m

[2026-03-06 13:52:40] [INFO] All 4 tests passed
[2026-03-06 13:52:40] [INFO] Running type check...

> contours@0.0.1 check
> svelte-kit sync && svelte-check --tsconfig ./tsconfig.json

Loading svelte-check in workspace: /Users/dev/Athenia/projects/contours
Getting Svelte diagnostics...

/Users/dev/Athenia/projects/contours/src/routes/search/+page.svelte:20:3
Warn: Avoid using autofocus
https://svelte.dev/e/a11y_autofocus (svelte)
		placeholder="Search posts (regex supported)..."
		autofocus
	/>

====================================
svelte-check found 0 errors and 1 warning in 1 file
[2026-03-06 13:52:55] [INFO] Type check passed (0 errors, 1 existing warning)
[2026-03-06 13:52:55] [INFO] Workstream F complete, preparing to merge...
