=== Git Journal API Workstream Log ===
Started: 2026-03-06

[2026-03-06 12:30] Workstream initiated
- Branch: workstream/git-journal-api
- Goal: Build API that extracts git commit history and generates blog posts automatically

[2026-03-06 12:31] Created module structure
- Created src/lib/server/git-journal/ directory
- Created types.ts - TypeScript interfaces for all git journal types
- Created git.ts - Git log parsing with getCommits(), classifyCommit(), groupCommitsByType()
- Created generator.ts - Post generation from commits with grouping by type
- Created index.ts - Main exports and validation functions

[2026-03-06 12:32] Created API endpoints
- GET /api/journal/commits - extract commits by date range
- POST /api/journal/generate - create post content from commits
- POST /api/journal/create-draft - write post to ./posts/

[2026-03-06 12:33] Created admin UI
- /admin/journal page with date picker, commit preview, and draft creation

[2026-03-06 12:35] Testing completed
- All 75 tests pass
- Build succeeds with no errors
- todo.md updated to mark tasks as complete
