# Workstream C: Security Headers & CSP
# Branch: workstream/c-security-headers
# Started: 2026-03-06 12:30 UTC

[2026-03-06 12:30] Starting Workstream C
- Branch: workstream/c-security-headers
- Task: Add security headers to src/hooks.server.ts
- Risk: Medium - CSP can break inline scripts

[2026-03-06 12:32] Implementation complete
- Added security headers to src/hooks.server.ts:
  - Content-Security-Policy with directives for:
    - default-src: 'self'
    - script-src: 'self'
    - style-src: 'self', 'unsafe-inline', https://fonts.googleapis.com
    - font-src: 'self', https://fonts.gstatic.com
    - img-src: 'self', data:, blob:
    - connect-src: 'self'
    - frame-ancestors: 'none'
    - base-uri: 'self'
    - form-action: 'self'
  - X-Frame-Options: DENY
  - X-Content-Type-Options: nosniff
  - Referrer-Policy: strict-origin-when-cross-origin

[2026-03-06 12:33] Type check passed
- 0 errors, 2 warnings (a11y autofocus - unrelated)

[2026-03-06 12:33] Unit tests run
- 1 pre-existing test failure in persistence.spec.ts (content newline issue - unrelated to CSP)
- All other 34 tests passing

[2026-03-06 12:34] Build verification passed
- Production build completed successfully

[2026-03-06 12:35] Security headers verification passed
All headers verified on homepage and admin pages:
- Content-Security-Policy: Present with all required directives
- X-Frame-Options: DENY
- X-Content-Type-Options: nosniff
- Referrer-Policy: strict-origin-when-cross-origin

[2026-03-06 12:36] Admin forms testing passed
- /admin/create page loads correctly with CSP
- Form POST submissions work without CSP errors
- Google Fonts loading correctly (allowed in CSP)
- No CSP violations detected

[2026-03-06 12:36] Workstream C complete
- All security headers implemented
- Admin forms functioning correctly
- Ready for commit

