Workstream D: MySQL Connection Pooling
Started: 2026-03-06 12:30:10+08:00
Agent: Kimi

---

[2026-03-06 12:30:10] Starting Workstream D - MySQL Connection Pooling
[2026-03-06 12:30:10] Created branch: workstream/d-connection-pooling
[2026-03-06 12:30:10] Current mysql-adapter.ts already uses createPool() but without configuration
[2026-03-06 12:30:10] Need to add pool configuration and cleanup handlers

[2026-03-06 12:36:00] Implemented changes to mysql-adapter.ts:
  - Added POOL_CONFIG with:
    - connectionLimit: 10
    - acquireTimeout: 60000
    - timeout: 60000
    - queueLimit: 0 (unlimited queue)
  - Exported cleanupMySQLPool() function for graceful shutdown
  - Exported getMySQLPool() function for health checks and monitoring
  - Pool is now stored in globalPool variable for access across the app
  - Fixed import statement: changed from default import to `import * as mysql`

[2026-03-06 12:37:00] Implemented changes to hooks.server.ts:
  - Added import for cleanupMySQLPool
  - Added handleShutdown() function that:
    - Logs the received signal
    - Calls cleanupMySQLPool() to close connections
    - Logs success or error
    - Exits process gracefully
  - Registered handlers for SIGTERM and SIGINT signals

[2026-03-06 12:38:00] Verification:
  - Type check: PASSED (0 errors)
  - Unit tests: 34/35 passed (1 pre-existing failure in FileAdapter, unrelated)
  - MySQL pooling changes do not affect FileAdapter tests

[2026-03-06 12:38:00] Summary of changes:
  - src/lib/server/persistence/mysql-adapter.ts:
    * Added pool configuration constants
    * Added globalPool variable for pool management
    * Exported cleanupMySQLPool() for graceful shutdown
    * Exported getMySQLPool() for external access (health checks)
    * Updated constructor to spread POOL_CONFIG into createPool()
  
  - src/hooks.server.ts:
    * Added import for cleanupMySQLPool
    * Added handleShutdown() helper function
    * Registered SIGTERM and SIGINT handlers

[2026-03-06 12:38:00] Notes:
  - The existing close() method on MysqlAdapter still works
  - Both cleanupMySQLPool() and close() call pool.end()
  - Pool settings are optimal for Railway deployment:
    * 10 connections is reasonable for a small blog
    * 60 second timeouts handle slow network conditions
    * Unlimited queue prevents request drops during spikes

[2026-03-06 12:38:00] COMPLETED
