[2026-03-06T12:30:10+08:00] Workstream B: Production Admin Auth - Starting implementation
[2026-03-06T12:32:00+08:00] Created .env.example with ADMIN_PASSWORD and SESSION_SECRET
[2026-03-06T12:32:30+08:00] Created src/routes/admin/login/+page.svelte - login form
[2026-03-06T12:33:00+08:00] Created src/routes/admin/login/+page.server.ts - auth logic with session cookies
[2026-03-06T12:34:00+08:00] Modified src/routes/admin/+layout.server.ts - production auth check with dev bypass
[2026-03-06T12:35:00+08:00] Created src/routes/admin/+layout.svelte - admin navigation with logout button
[2026-03-06T12:35:30+08:00] Running tests...
[2026-03-06T12:38:00+08:00] Fixed pre-existing type errors in cache.ts
[2026-03-06T12:39:00+08:00] All tests pass (4/4)
[2026-03-06T12:40:00+08:00] Type check passes (0 errors)
[2026-03-06T12:40:30+08:00] Workstream B complete - committing changes

=== WORKSTREAM B COMPLETE ===
[2026-03-06T12:45:00+08:00] Summary:
  - Branch: workstream/b-admin-auth
  - Commits: 3 commits with complete auth implementation
  - Tests: 4/4 passing
  - Type check: 0 errors

Files created/modified:
  - .env.example: Added ADMIN_PASSWORD, SESSION_SECRET docs
  - src/routes/admin/login/+page.svelte: Login form UI
  - src/routes/admin/login/+page.server.ts: Auth logic, session management
  - src/routes/admin/+layout.server.ts: Production auth guard (dev bypass)
  - src/routes/admin/+layout.svelte: Admin nav with logout button
  - todo.md, .agent-status.md: Status updates

Security features:
  - Sessions: HttpOnly, Secure, SameSite=strict, 24h max-age
  - Dev mode: No auth required (convenience for Blaine)
  - Production: Auth enforced, redirects to /admin/login
