# Workstream H: ESLint & Prettier Setup
# Branch: workstream/h-eslint-prettier
# Agent: Kimi
# Started: 2026-03-06 12:30 UTC
# Completed: 2026-03-06 14:18 UTC

[12:30] Created branch workstream/h-eslint-prettier
[12:30] Updated .agent-status.md - H marked as [IN PROGRESS]
[12:31] Installed dev dependencies:
  - eslint
  - @eslint/js
  - typescript-eslint
  - eslint-plugin-svelte
  - prettier
  - prettier-plugin-svelte
  - globals (for ESLint config)
[12:32] Created eslint.config.js with TypeScript + Svelte rules
[12:32] Created .prettierrc with project preferences:
  - useTabs: true
  - singleQuote: true
  - trailingComma: es5
  - printWidth: 100
[12:32] Added npm scripts to package.json:
  - lint: eslint src tests --ext .ts,.svelte
  - lint:fix: eslint src tests --ext .ts,.svelte --fix
  - format: prettier --write src tests
  - format:check: prettier --check src tests
[12:33] Fixed unused variable issues in:
  - src/hooks.server.ts (adapter -> _adapter)
  - src/routes/admin/create/+page.svelte (imageFile -> _imageFile)
  - src/routes/health/+server.ts (error -> _error)
[14:15] Ran initial format pass on all files
[14:18] Verified lint passes with no errors
[14:18] Tests passing (4/4)
[14:18] Updated todo.md - marked H tasks as [x]
[14:18] Updated .agent-status.md - H marked as [DONE]
[14:18] Workstream H complete
